app/build/outputs/logs/manifest-merger-debug-report.txt
-- Merging decision tree log ---
manifest
ADDED from src\main\AndroidManifest.xml:20:1-160:12
INJECTED from src\main\AndroidManifest.xml:20:1-160:12
INJECTED from src\main\AndroidManifest.xml:20:1-160:12
	package
		ADDED from src\main\AndroidManifest.xml:22:5-35
		INJECTED from src\main\AndroidManifest.xml
		INJECTED from src\main\AndroidManifest.xml
	xmlns:android
		ADDED from src\main\AndroidManifest.xml:21:5-63
original-package
ADDED from src\main\AndroidManifest.xml:24:5-62
	android:name
		ADDED from src\main\AndroidManifest.xml:24:23-59
permission#com.android.launcher.permission.PRELOAD_WORKSPACE
ADDED from src\main\AndroidManifest.xml:26:5-29:55
	android:protectionLevel
		ADDED from src\main\AndroidManifest.xml:29:9-52
	android:permissionGroup
		ADDED from src\main\AndroidManifest.xml:28:9-72
	android:name
		ADDED from src\main\AndroidManifest.xml:27:9-73
permission#com.android.launcher.permission.INSTALL_SHORTCUT
ADDED from src\main\AndroidManifest.xml:30:5-35:67
	android:label
		ADDED from src\main\AndroidManifest.xml:34:9-57
	android:protectionLevel
		ADDED from src\main\AndroidManifest.xml:33:9-44
	android:permissionGroup
		ADDED from src\main\AndroidManifest.xml:32:9-72
	android:description
		ADDED from src\main\AndroidManifest.xml:35:9-64
	android:name
		ADDED from src\main\AndroidManifest.xml:31:9-72
permission#com.android.launcher.permission.UNINSTALL_SHORTCUT
ADDED from src\main\AndroidManifest.xml:36:5-41:68
	android:label
		ADDED from src\main\AndroidManifest.xml:40:9-59
	android:protectionLevel
		ADDED from src\main\AndroidManifest.xml:39:9-44
	android:permissionGroup
		ADDED from src\main\AndroidManifest.xml:38:9-72
	android:description
		ADDED from src\main\AndroidManifest.xml:41:9-66
	android:name
		ADDED from src\main\AndroidManifest.xml:37:9-74
permission#com.android.launcher.permission.READ_SETTINGS
ADDED from src\main\AndroidManifest.xml:42:5-47:63
	android:label
		ADDED from src\main\AndroidManifest.xml:46:9-54
	android:protectionLevel
		ADDED from src\main\AndroidManifest.xml:45:9-41
	android:permissionGroup
		ADDED from src\main\AndroidManifest.xml:44:9-72
	android:description
		ADDED from src\main\AndroidManifest.xml:47:9-61
	android:name
		ADDED from src\main\AndroidManifest.xml:43:9-69
permission#com.android.launcher.permission.WRITE_SETTINGS
ADDED from src\main\AndroidManifest.xml:48:5-53:64
	android:label
		ADDED from src\main\AndroidManifest.xml:52:9-55
	android:protectionLevel
		ADDED from src\main\AndroidManifest.xml:51:9-52
	android:permissionGroup
		ADDED from src\main\AndroidManifest.xml:50:9-72
	android:description
		ADDED from src\main\AndroidManifest.xml:53:9-62
	android:name
		ADDED from src\main\AndroidManifest.xml:49:9-70
uses-permission#android.permission.CALL_PHONE
ADDED from src\main\AndroidManifest.xml:55:5-69
	android:name
		ADDED from src\main\AndroidManifest.xml:55:22-66
uses-permission#android.permission.SET_WALLPAPER
ADDED from src\main\AndroidManifest.xml:56:5-72
	android:name
		ADDED from src\main\AndroidManifest.xml:56:22-69
uses-permission#android.permission.SET_WALLPAPER_HINTS
ADDED from src\main\AndroidManifest.xml:57:5-78
	android:name
		ADDED from src\main\AndroidManifest.xml:57:22-75
uses-permission#android.permission.VIBRATE
ADDED from src\main\AndroidManifest.xml:58:5-66
	android:name
		ADDED from src\main\AndroidManifest.xml:58:22-63
uses-permission#android.permission.BIND_APPWIDGET
ADDED from src\main\AndroidManifest.xml:59:5-73
	android:name
		ADDED from src\main\AndroidManifest.xml:59:22-70
uses-permission#android.permission.GET_ACCOUNTS
ADDED from src\main\AndroidManifest.xml:60:5-71
	android:name
		ADDED from src\main\AndroidManifest.xml:60:22-68
uses-permission#com.android.launcher.permission.READ_SETTINGS
ADDED from src\main\AndroidManifest.xml:61:5-85
	android:name
		ADDED from src\main\AndroidManifest.xml:61:22-82
uses-permission#com.android.launcher.permission.WRITE_SETTINGS
ADDED from src\main\AndroidManifest.xml:62:5-86
	android:name
		ADDED from src\main\AndroidManifest.xml:62:22-83
application
ADDED from src\main\AndroidManifest.xml:64:5-159:19
	android:supportsRtl
		ADDED from src\main\AndroidManifest.xml:70:9-35
	android:label
		ADDED from src\main\AndroidManifest.xml:66:9-49
	android:hardwareAccelerated
		ADDED from src\main\AndroidManifest.xml:68:9-43
	android:largeHeap
		ADDED from src\main\AndroidManifest.xml:69:9-51
	android:icon
		ADDED from src\main\AndroidManifest.xml:67:9-48
	android:name
		ADDED from src\main\AndroidManifest.xml:65:9-65
activity#com.android.launcher2.Launcher
ADDED from src\main\AndroidManifest.xml:71:9-87:20
	android:screenOrientation
		ADDED from src\main\AndroidManifest.xml:79:13-49
	android:clearTaskOnLaunch
		ADDED from src\main\AndroidManifest.xml:74:13-45
	android:stateNotNeeded
		ADDED from src\main\AndroidManifest.xml:75:13-42
	android:launchMode
		ADDED from src\main\AndroidManifest.xml:73:13-44
	android:windowSoftInputMode
		ADDED from src\main\AndroidManifest.xml:78:13-52
	android:resumeWhilePausing
		ADDED from src\main\AndroidManifest.xml:76:13-46
	android:theme
		ADDED from src\main\AndroidManifest.xml:77:13-41
	android:name
		ADDED from src\main\AndroidManifest.xml:72:13-58
intent-filter#android.intent.action.MAIN+android.intent.category.DEFAULT+android.intent.category.HOME+android.intent.category.LAUNCHER+android.intent.category.MONKEY
ADDED from src\main\AndroidManifest.xml:80:13-86:29
action#android.intent.action.MAIN
ADDED from src\main\AndroidManifest.xml:81:17-69
	android:name
		ADDED from src\main\AndroidManifest.xml:81:25-66
category#android.intent.category.HOME
ADDED from src\main\AndroidManifest.xml:82:17-73
	android:name
		ADDED from src\main\AndroidManifest.xml:82:27-70
category#android.intent.category.DEFAULT
ADDED from src\main\AndroidManifest.xml:83:17-76
	android:name
		ADDED from src\main\AndroidManifest.xml:83:27-73
category#android.intent.category.MONKEY
ADDED from src\main\AndroidManifest.xml:84:17-74
	android:name
		ADDED from src\main\AndroidManifest.xml:84:27-72
category#android.intent.category.LAUNCHER
ADDED from src\main\AndroidManifest.xml:85:17-76
	android:name
		ADDED from src\main\AndroidManifest.xml:85:27-74
activity#com.android.launcher2.WallpaperChooser
ADDED from src\main\AndroidManifest.xml:89:9-102:20
	android:finishOnCloseSystemDialogs
		ADDED from src\main\AndroidManifest.xml:94:13-54
	android:process
		ADDED from src\main\AndroidManifest.xml:95:13-49
	android:label
		ADDED from src\main\AndroidManifest.xml:92:13-51
	android:icon
		ADDED from src\main\AndroidManifest.xml:93:13-57
	android:theme
		ADDED from src\main\AndroidManifest.xml:91:13-57
	android:name
		ADDED from src\main\AndroidManifest.xml:90:13-66
intent-filter#android.intent.action.SET_WALLPAPER+android.intent.category.DEFAULT
ADDED from src\main\AndroidManifest.xml:96:13-99:29
action#android.intent.action.SET_WALLPAPER
ADDED from src\main\AndroidManifest.xml:97:17-78
	android:name
		ADDED from src\main\AndroidManifest.xml:97:25-75
meta-data#android.wallpaper.preview
ADDED from src\main\AndroidManifest.xml:100:13-101:68
	android:resource
		ADDED from src\main\AndroidManifest.xml:101:17-65
	android:name
		ADDED from src\main\AndroidManifest.xml:100:24-64
receiver#com.android.launcher2.PreloadReceiver
ADDED from src\main\AndroidManifest.xml:105:9-111:20
	android:permission
		ADDED from src\main\AndroidManifest.xml:107:13-83
	android:name
		ADDED from src\main\AndroidManifest.xml:106:13-65
intent-filter#com.android.launcher.action.PRELOAD_WORKSPACE
ADDED from src\main\AndroidManifest.xml:108:13-110:29
action#com.android.launcher.action.PRELOAD_WORKSPACE
ADDED from src\main\AndroidManifest.xml:109:17-88
	android:name
		ADDED from src\main\AndroidManifest.xml:109:25-85
receiver#com.android.launcher2.InstallShortcutReceiver
ADDED from src\main\AndroidManifest.xml:114:9-120:20
	android:permission
		ADDED from src\main\AndroidManifest.xml:116:13-82
	android:name
		ADDED from src\main\AndroidManifest.xml:115:13-73
intent-filter#com.android.launcher.action.INSTALL_SHORTCUT
ADDED from src\main\AndroidManifest.xml:117:13-119:29
action#com.android.launcher.action.INSTALL_SHORTCUT
ADDED from src\main\AndroidManifest.xml:118:17-87
	android:name
		ADDED from src\main\AndroidManifest.xml:118:25-84
receiver#com.android.launcher2.UninstallShortcutReceiver
ADDED from src\main\AndroidManifest.xml:123:9-129:20
	android:permission
		ADDED from src\main\AndroidManifest.xml:125:13-84
	android:name
		ADDED from src\main\AndroidManifest.xml:124:13-75
intent-filter#com.android.launcher.action.UNINSTALL_SHORTCUT
ADDED from src\main\AndroidManifest.xml:126:13-128:29
action#com.android.launcher.action.UNINSTALL_SHORTCUT
ADDED from src\main\AndroidManifest.xml:127:17-89
	android:name
		ADDED from src\main\AndroidManifest.xml:127:25-86
receiver#com.android.launcher2.UserInitializeReceiver
ADDED from src\main\AndroidManifest.xml:132:9-138:20
	android:exported
		ADDED from src\main\AndroidManifest.xml:134:13-37
	android:name
		ADDED from src\main\AndroidManifest.xml:133:13-72
intent-filter#android.intent.action.USER_INITIALIZE
ADDED from src\main\AndroidManifest.xml:135:13-137:29
action#android.intent.action.USER_INITIALIZE
ADDED from src\main\AndroidManifest.xml:136:17-80
	android:name
		ADDED from src\main\AndroidManifest.xml:136:25-77
receiver#com.android.launcher2.PackageChangedReceiver
ADDED from src\main\AndroidManifest.xml:140:9-147:20
	android:name
		ADDED from src\main\AndroidManifest.xml:140:19-78
intent-filter#android.intent.action.PACKAGE_CHANGED+android.intent.action.PACKAGE_REMOVED+android.intent.action.PACKAGE_REPLACED
ADDED from src\main\AndroidManifest.xml:141:13-146:29
action#android.intent.action.PACKAGE_CHANGED
ADDED from src\main\AndroidManifest.xml:142:17-79
	android:name
		ADDED from src\main\AndroidManifest.xml:142:25-77
action#android.intent.action.PACKAGE_REPLACED
ADDED from src\main\AndroidManifest.xml:143:17-80
	android:name
		ADDED from src\main\AndroidManifest.xml:143:25-78
action#android.intent.action.PACKAGE_REMOVED
ADDED from src\main\AndroidManifest.xml:144:17-79
	android:name
		ADDED from src\main\AndroidManifest.xml:144:25-77
data
ADDED from src\main\AndroidManifest.xml:145:17-55
	android:scheme
		ADDED from src\main\AndroidManifest.xml:145:23-47
provider#com.android.launcher2.LauncherProvider
ADDED from src\main\AndroidManifest.xml:150:9-155:86
	android:readPermission
		ADDED from src\main\AndroidManifest.xml:155:13-83
	android:authorities
		ADDED from src\main\AndroidManifest.xml:152:13-65
	android:exported
		ADDED from src\main\AndroidManifest.xml:153:13-36
	android:writePermission
		ADDED from src\main\AndroidManifest.xml:154:13-85
	android:name
		ADDED from src\main\AndroidManifest.xml:151:13-66
meta-data#android.nfc.disable_beam_default
ADDED from src\main\AndroidManifest.xml:157:9-158:47
	android:value
		ADDED from src\main\AndroidManifest.xml:158:24-44
	android:name
		ADDED from src\main\AndroidManifest.xml:157:20-67
uses-sdk
INJECTED from src\main\AndroidManifest.xml reason: use-sdk injection requested
INJECTED from src\main\AndroidManifest.xml
INJECTED from src\main\AndroidManifest.xml
	android:minSdkVersion
		INJECTED from src\main\AndroidManifest.xml
		ADDED from src\main\AndroidManifest.xml
		INJECTED from src\main\AndroidManifest.xml